d:\360movedata\users\82835\desktop\my\tmp2\mingqq\mingqq\debug\mingqq_d.pch
d:\360movedata\users\82835\desktop\my\tmp2\mingqq\mingqq\debug\vc142.pdb
d:\360movedata\users\82835\desktop\my\tmp2\mingqq\mingqq\debug\vc142.idb
d:\360movedata\users\82835\desktop\my\tmp2\mingqq\mingqq\debug\stdafx.obj
d:\360movedata\users\82835\desktop\my\tmp2\mingqq\mingqq\debug\qqprotocoldata.obj
d:\360movedata\users\82835\desktop\my\tmp2\mingqq\mingqq\debug\qqsigntask.obj
d:\360movedata\users\82835\desktop\my\tmp2\mingqq\mingqq\debug\qquser.obj
d:\360movedata\users\82835\desktop\my\tmp2\mingqq\mingqq\debug\recvmsgtask.obj
d:\360movedata\users\82835\desktop\my\tmp2\mingqq\mingqq\debug\sendmsgtask.obj
d:\360movedata\users\82835\desktop\my\tmp2\mingqq\mingqq\debug\threadpool.obj
d:\360movedata\users\82835\desktop\my\tmp2\mingqq\mingqq\debug\skinbutton.obj
d:\360movedata\users\82835\desktop\my\tmp2\mingqq\mingqq\debug\skincombobox.obj
d:\360movedata\users\82835\desktop\my\tmp2\mingqq\mingqq\debug\skindialog.obj
d:\360movedata\users\82835\desktop\my\tmp2\mingqq\mingqq\debug\skinedit.obj
d:\360movedata\users\82835\desktop\my\tmp2\mingqq\mingqq\debug\skinhyperlink.obj
d:\360movedata\users\82835\desktop\my\tmp2\mingqq\mingqq\debug\skinlistctrl.obj
d:\360movedata\users\82835\desktop\my\tmp2\mingqq\mingqq\debug\skinmanager.obj
d:\360movedata\users\82835\desktop\my\tmp2\mingqq\mingqq\debug\skinmenu.obj
d:\360movedata\users\82835\desktop\my\tmp2\mingqq\mingqq\debug\skinpicturebox.obj
d:\360movedata\users\82835\desktop\my\tmp2\mingqq\mingqq\debug\skinrichedit.obj
d:\360movedata\users\82835\desktop\my\tmp2\mingqq\mingqq\debug\skinscrollbar.obj
d:\360movedata\users\82835\desktop\my\tmp2\mingqq\mingqq\debug\skinstatic.obj
d:\360movedata\users\82835\desktop\my\tmp2\mingqq\mingqq\debug\skintabctrl.obj
d:\360movedata\users\82835\desktop\my\tmp2\mingqq\mingqq\debug\skintoolbar.obj
d:\360movedata\users\82835\desktop\my\tmp2\mingqq\mingqq\debug\verifycodedlg.obj
d:\360movedata\users\82835\desktop\my\tmp2\mingqq\mingqq\debug\xmldocument.obj
d:\360movedata\users\82835\desktop\my\tmp2\mingqq\mingqq\debug\json_reader.obj
d:\360movedata\users\82835\desktop\my\tmp2\mingqq\mingqq\debug\json_value.obj
d:\360movedata\users\82835\desktop\my\tmp2\mingqq\mingqq\debug\json_writer.obj
d:\360movedata\users\82835\desktop\my\tmp2\mingqq\mingqq\debug\buffer.obj
d:\360movedata\users\82835\desktop\my\tmp2\mingqq\mingqq\debug\changestatustask.obj
d:\360movedata\users\82835\desktop\my\tmp2\mingqq\mingqq\debug\getchatpictask.obj
d:\360movedata\users\82835\desktop\my\tmp2\mingqq\mingqq\debug\getgroupfacesigtask.obj
d:\360movedata\users\82835\desktop\my\tmp2\mingqq\mingqq\debug\getheadpictask.obj
d:\360movedata\users\82835\desktop\my\tmp2\mingqq\mingqq\debug\httpclient.obj
d:\360movedata\users\82835\desktop\my\tmp2\mingqq\mingqq\debug\infotask.obj
d:\360movedata\users\82835\desktop\my\tmp2\mingqq\mingqq\debug\logintask.obj
d:\360movedata\users\82835\desktop\my\tmp2\mingqq\mingqq\debug\logouttask.obj
d:\360movedata\users\82835\desktop\my\tmp2\mingqq\mingqq\debug\md5.obj
d:\360movedata\users\82835\desktop\my\tmp2\mingqq\mingqq\debug\messagelogger.obj
d:\360movedata\users\82835\desktop\my\tmp2\mingqq\mingqq\debug\polltask.obj
d:\360movedata\users\82835\desktop\my\tmp2\mingqq\mingqq\debug\qqclient.obj
d:\360movedata\users\82835\desktop\my\tmp2\mingqq\mingqq\debug\qqnumtask.obj
d:\360movedata\users\82835\desktop\my\tmp2\mingqq\mingqq\debug\qqprotocol.obj
d:\360movedata\users\82835\desktop\my\tmp2\mingqq\mingqq\debug\cascadewinmanager.obj
d:\360movedata\users\82835\desktop\my\tmp2\mingqq\mingqq\debug\facectrl.obj
d:\360movedata\users\82835\desktop\my\tmp2\mingqq\mingqq\debug\facelist.obj
d:\360movedata\users\82835\desktop\my\tmp2\mingqq\mingqq\debug\faceseldlg.obj
d:\360movedata\users\82835\desktop\my\tmp2\mingqq\mingqq\debug\fontseldlg.obj
d:\360movedata\users\82835\desktop\my\tmp2\mingqq\mingqq\debug\gifimage.obj
d:\360movedata\users\82835\desktop\my\tmp2\mingqq\mingqq\debug\groupchatdlg.obj
d:\360movedata\users\82835\desktop\my\tmp2\mingqq\mingqq\debug\groupinfodlg.obj
d:\360movedata\users\82835\desktop\my\tmp2\mingqq\mingqq\debug\imageex.obj
d:\360movedata\users\82835\desktop\my\tmp2\mingqq\mingqq\debug\loginaccountlist.obj
d:\360movedata\users\82835\desktop\my\tmp2\mingqq\mingqq\debug\logindlg.obj
d:\360movedata\users\82835\desktop\my\tmp2\mingqq\mingqq\debug\maindlg.obj
d:\360movedata\users\82835\desktop\my\tmp2\mingqq\mingqq\debug\mingqq.obj
d:\360movedata\users\82835\desktop\my\tmp2\mingqq\mingqq\debug\msgtipdlg.obj
d:\360movedata\users\82835\desktop\my\tmp2\mingqq\mingqq\debug\path.obj
d:\360movedata\users\82835\desktop\my\tmp2\mingqq\mingqq\debug\picbardlg.obj
d:\360movedata\users\82835\desktop\my\tmp2\mingqq\mingqq\debug\richeditutil.obj
d:\360movedata\users\82835\desktop\my\tmp2\mingqq\mingqq\debug\sesschatdlg.obj
d:\360movedata\users\82835\desktop\my\tmp2\mingqq\mingqq\debug\trayicon.obj
d:\360movedata\users\82835\desktop\my\tmp2\mingqq\mingqq\debug\utils.obj
d:\360movedata\users\82835\desktop\my\tmp2\mingqq\mingqq\debug\aboutdlg.obj
d:\360movedata\users\82835\desktop\my\tmp2\mingqq\mingqq\debug\buddychatdlg.obj
d:\360movedata\users\82835\desktop\my\tmp2\mingqq\mingqq\debug\buddyinfodlg.obj
d:\360movedata\users\82835\desktop\my\tmp2\mingqq\mingqq\debug\buddylistctrl.obj
d:\360movedata\users\82835\desktop\my\tmp2\mingqq\bin\mingqq_d.exe
d:\360movedata\users\82835\desktop\my\tmp2\mingqq\bin\mingqq_d.ilk
d:\360movedata\users\82835\desktop\my\tmp2\mingqq\bin\mingqq_d.pdb
d:\360movedata\users\82835\desktop\my\tmp2\mingqq\mingqq\debug\mingqq.res
d:\360movedata\users\82835\desktop\my\tmp2\mingqq\mingqq\debug\msxml3.tli
d:\360movedata\users\82835\desktop\my\tmp2\mingqq\mingqq\debug\msxml3.tlh
d:\360movedata\users\82835\desktop\my\tmp2\mingqq\mingqq\debug\mingqq.tlog\cl.command.1.tlog
d:\360movedata\users\82835\desktop\my\tmp2\mingqq\mingqq\debug\mingqq.tlog\cl.read.1.tlog
d:\360movedata\users\82835\desktop\my\tmp2\mingqq\mingqq\debug\mingqq.tlog\cl.write.1.tlog
d:\360movedata\users\82835\desktop\my\tmp2\mingqq\mingqq\debug\mingqq.tlog\link.12752.delete.1.tlog
d:\360movedata\users\82835\desktop\my\tmp2\mingqq\mingqq\debug\mingqq.tlog\link.15196.delete.1.tlog
d:\360movedata\users\82835\desktop\my\tmp2\mingqq\mingqq\debug\mingqq.tlog\link.command.1.tlog
d:\360movedata\users\82835\desktop\my\tmp2\mingqq\mingqq\debug\mingqq.tlog\link.delete.1.tlog
d:\360movedata\users\82835\desktop\my\tmp2\mingqq\mingqq\debug\mingqq.tlog\link.read.1.tlog
d:\360movedata\users\82835\desktop\my\tmp2\mingqq\mingqq\debug\mingqq.tlog\link.write.1.tlog
d:\360movedata\users\82835\desktop\my\tmp2\mingqq\mingqq\debug\mingqq.tlog\rc.command.1.tlog
d:\360movedata\users\82835\desktop\my\tmp2\mingqq\mingqq\debug\mingqq.tlog\rc.read.1.tlog
d:\360movedata\users\82835\desktop\my\tmp2\mingqq\mingqq\debug\mingqq.tlog\rc.write.1.tlog
